<?xml version="1.0" encoding="UTF-8"?>
<!-- Generated by org.testng.reporters.JUnitReportReporter -->
<testsuite skipped="0" hostname="WINDOWS-K1C4DNQ" name="testClasess.TestNGDemo" tests="1" failures="0" timestamp="23 Mar 2018 04:48:13 GMT" time="0.005" errors="0">
  <testcase name="f" time="0.005" classname="testClasess.TestNGDemo"/>
</testsuite> <!-- testClasess.TestNGDemo -->
