<?xml version="1.0" encoding="UTF-8"?>
<!-- Generated by org.testng.reporters.JUnitReportReporter -->
<testsuite skipped="0" hostname="LTNJ-4BPS3G2" name="testClasess.MyNotesPage" tests="1" failures="0" timestamp="06 Apr 2018 19:56:25 GMT" time="7.135" errors="0">
  <testcase name="addNotes" time="7.135" classname="testClasess.MyNotesPage"/>
</testsuite> <!-- testClasess.MyNotesPage -->
