<?xml version="1.0" encoding="UTF-8"?>
<!-- Generated by org.testng.reporters.JUnitReportReporter -->
<testsuite skipped="0" hostname="LTNJ-4BPS3G2" name="testClasess.LoginPage" tests="4" failures="0" timestamp="06 Apr 2018 19:56:25 GMT" time="27.531" errors="0">
  <testcase name="invalidLogin" time="6.532" classname="testClasess.LoginPage"/>
  <testcase name="invalidLogin" time="7.910" classname="testClasess.LoginPage"/>
  <testcase name="validLogin" time="6.442" classname="testClasess.LoginPage"/>
  <testcase name="invalidLogin" time="6.647" classname="testClasess.LoginPage"/>
</testsuite> <!-- testClasess.LoginPage -->
